mode: set
main/Animals/Monkey.go:12.72,18.2 1 1
main/Animals/Monkey.go:20.36,20.53 1 1
main/Animals/Monkey.go:21.36,21.61 1 1
main/Animals/Monkey.go:22.36,22.55 1 0
main/Animals/Monkey.go:24.35,27.2 1 1
main/Animals/Rabbit.go:12.70,19.2 1 1
main/Animals/Rabbit.go:21.36,21.53 1 1
main/Animals/Rabbit.go:22.36,22.61 1 1
main/Animals/Rabbit.go:23.36,23.55 1 0
main/Animals/Rabbit.go:25.35,28.2 1 1
main/Animals/Tiger.go:12.53,18.2 1 1
main/Animals/Tiger.go:20.29,20.46 1 1
main/Animals/Tiger.go:21.29,21.48 1 0
main/Animals/Tiger.go:23.34,26.2 1 1
main/Animals/Wolf.go:11.51,17.2 1 0
main/Animals/Wolf.go:19.28,19.45 1 0
main/Animals/Wolf.go:20.28,20.47 1 0
main/Animals/Wolf.go:22.33,25.2 1 0
main/service/clinic.go:27.31,29.2 1 0
main/service/clinic.go:31.67,32.25 1 0
main/service/clinic.go:32.25,34.3 1 0
main/service/clinic.go:35.2,35.17 1 0
main/service/zoo.go:23.32,23.55 1 0
main/service/zoo.go:27.49,30.41 2 0
main/service/zoo.go:30.41,31.47 1 0
main/service/zoo.go:31.47,33.4 1 0
main/service/zoo.go:35.2,35.47 1 0
main/service/zoo.go:35.47,37.3 1 0
main/service/zoo.go:40.60,42.2 1 0
main/service/zoo.go:44.58,48.2 3 0
main/service/zoo.go:50.74,52.27 2 0
main/service/zoo.go:52.27,53.36 1 0
main/service/zoo.go:53.36,55.4 1 0
main/service/zoo.go:57.2,57.12 1 0
main/service/zoo.go:60.64,64.2 3 0
main/service/zoo.go:66.37,68.30 2 0
main/service/zoo.go:68.30,70.3 1 0
main/service/zoo.go:71.2,71.14 1 0
main/service/zoo.go:74.47,76.2 1 0
main/things/Computer.go:12.75,19.2 1 1
main/things/Computer.go:21.32,23.2 1 1
main/things/Computer.go:25.37,28.2 1 1
main/things/Table.go:11.58,17.2 1 1
main/things/Table.go:19.29,21.2 1 0
main/things/Table.go:23.34,26.2 1 0
main/things/Thing.go:11.63,17.2 1 1
main/things/Thing.go:19.29,21.2 1 0
main/things/Thing.go:23.34,26.2 1 0
main/tools/JSONFiless.go:15.43,25.34 4 1
main/tools/JSONFiless.go:25.34,27.17 2 1
main/tools/JSONFiless.go:27.17,29.12 2 1
main/tools/JSONFiless.go:31.3,32.57 2 1
main/tools/JSONFiless.go:32.57,35.4 2 0
main/tools/JSONFiless.go:36.3,36.18 1 1
main/tools/JSONFiless.go:39.2,40.12 2 0
main/tools/console.go:19.54,25.2 1 0
main/tools/console.go:27.25,28.20 1 1
main/tools/console.go:28.20,30.3 1 0
main/tools/console.go:32.2,32.6 1 1
main/tools/console.go:32.6,36.31 3 1
main/tools/console.go:36.31,39.4 2 1
main/tools/console.go:41.3,41.43 1 0
main/tools/console.go:41.43,43.4 1 0
main/tools/console.go:43.9,45.4 1 0
main/tools/console.go:49.30,51.31 2 1
main/tools/console.go:51.31,53.3 1 1
main/tools/console.go:54.2,54.53 1 1
main/tools/console.go:57.39,62.16 5 1
main/tools/console.go:62.16,64.3 1 1
main/tools/console.go:65.2,65.15 1 1
main/tools/console.go:68.34,70.17 2 1
main/tools/console.go:70.17,73.3 2 0
main/tools/console.go:74.2,74.13 1 1
main/tools/console.go:77.37,78.13 1 1
main/tools/console.go:79.13,80.16 1 0
main/tools/console.go:81.18,82.15 1 0
main/tools/console.go:83.19,85.19 2 0
main/tools/console.go:86.20,88.19 2 0
main/tools/console.go:89.16,91.19 2 0
main/tools/console.go:92.24,93.21 1 0
main/tools/console.go:94.14,95.13 1 0
main/tools/console.go:96.10,98.19 2 1
main/tools/console.go:102.36,111.21 7 1
main/tools/console.go:111.21,114.3 2 1
main/tools/console.go:114.8,116.3 1 0
main/tools/console.go:117.2,117.18 1 1
main/tools/flows.go:8.31,17.22 7 1
main/tools/flows.go:17.22,19.3 1 0
main/tools/flows.go:20.2,20.50 1 1
main/tools/flows.go:20.50,24.3 3 1
main/tools/flows.go:27.2,29.20 2 1
main/tools/flows.go:30.26,32.23 2 1
main/tools/flows.go:32.23,34.4 1 0
main/tools/flows.go:35.3,36.23 2 1
main/tools/flows.go:36.23,38.4 1 0
main/tools/flows.go:39.3,40.23 2 1
main/tools/flows.go:40.23,42.4 1 0
main/tools/flows.go:43.3,45.73 3 1
main/tools/flows.go:47.18,49.23 2 1
main/tools/flows.go:49.23,51.4 1 0
main/tools/flows.go:52.3,53.23 2 1
main/tools/flows.go:53.23,55.4 1 0
main/tools/flows.go:56.3,58.63 3 1
main/tools/flows.go:60.18,62.23 2 0
main/tools/flows.go:62.23,64.4 1 0
main/tools/flows.go:65.3,66.23 2 0
main/tools/flows.go:66.23,68.4 1 0
main/tools/flows.go:69.3,71.63 3 0
main/tools/flows.go:73.22,75.23 2 0
main/tools/flows.go:75.23,77.4 1 0
main/tools/flows.go:78.3,79.23 2 0
main/tools/flows.go:79.23,81.4 1 0
main/tools/flows.go:82.3,83.23 2 0
main/tools/flows.go:83.23,85.4 1 0
main/tools/flows.go:86.3,88.67 3 0
main/tools/flows.go:90.10,91.95 1 0
main/tools/flows.go:94.2,94.18 1 1
main/tools/flows.go:98.40,101.77 3 1
main/tools/flows.go:101.77,103.3 1 1
main/tools/flows.go:104.2,104.85 1 1
main/tools/flows.go:104.85,106.3 1 1
main/tools/flows.go:107.2,107.15 1 1
main/tools/input.go:10.45,14.16 4 1
main/tools/input.go:14.16,16.3 1 0
main/tools/input.go:17.2,17.18 1 1
main/tools/input.go:20.47,25.30 5 1
main/tools/input.go:25.30,27.3 1 0
main/tools/input.go:28.2,28.19 1 1
main/tools/input.go:31.48,36.43 5 1
main/tools/input.go:36.43,38.3 1 0
main/tools/input.go:39.2,39.19 1 1
main/tools/input.go:42.61,47.38 5 1
main/tools/input.go:47.38,49.3 1 0
main/tools/input.go:50.2,50.34 1 1
main/tools/input.go:53.45,54.16 1 1
main/tools/input.go:54.16,58.3 3 1
main/tools/input.go:59.2,59.14 1 1
main/tools/inventory.go:10.30,18.19 6 1
main/tools/inventory.go:19.18,27.17 7 1
main/tools/inventory.go:27.17,30.4 2 0
main/tools/inventory.go:32.3,38.73 6 1
main/tools/inventory.go:40.15,51.63 9 1
main/tools/inventory.go:53.15,61.17 7 1
main/tools/inventory.go:61.17,64.4 2 0
main/tools/inventory.go:66.3,68.65 3 1
main/tools/inventory.go:70.10,71.102 1 0
main/tools/inventory.go:73.2,73.18 1 1
main/tools/render.go:8.36,11.47 3 1
main/tools/render.go:11.47,13.3 1 1
main/tools/render.go:16.40,19.37 3 1
main/tools/render.go:19.37,21.3 1 1
main/tools/render.go:24.39,26.48 2 1
main/tools/render.go:26.48,28.3 1 1
main/tools/render.go:32.27,37.2 1 1
main/Animals/Monkey.go:12.72,18.2 1 1
main/Animals/Monkey.go:20.36,20.53 1 1
main/Animals/Monkey.go:21.36,21.61 1 1
main/Animals/Monkey.go:22.36,22.55 1 1
main/Animals/Monkey.go:24.35,27.2 1 1
main/Animals/Rabbit.go:12.70,19.2 1 1
main/Animals/Rabbit.go:21.36,21.53 1 1
main/Animals/Rabbit.go:22.36,22.61 1 1
main/Animals/Rabbit.go:23.36,23.55 1 1
main/Animals/Rabbit.go:25.35,28.2 1 1
main/Animals/Tiger.go:12.53,18.2 1 1
main/Animals/Tiger.go:20.29,20.46 1 1
main/Animals/Tiger.go:21.29,21.48 1 1
main/Animals/Tiger.go:23.34,26.2 1 1
main/Animals/Wolf.go:11.51,17.2 1 1
main/Animals/Wolf.go:19.28,19.45 1 1
main/Animals/Wolf.go:20.28,20.47 1 1
main/Animals/Wolf.go:22.33,25.2 1 1
main/service/clinic.go:27.31,29.2 1 1
main/service/clinic.go:31.67,32.25 1 1
main/service/clinic.go:32.25,34.3 1 1
main/service/clinic.go:35.2,35.17 1 1
main/service/zoo.go:23.32,23.55 1 1
main/service/zoo.go:27.49,30.41 2 1
main/service/zoo.go:30.41,31.47 1 1
main/service/zoo.go:31.47,33.4 1 1
main/service/zoo.go:35.2,35.47 1 1
main/service/zoo.go:35.47,37.3 1 1
main/service/zoo.go:40.60,42.2 1 1
main/service/zoo.go:44.58,48.2 3 1
main/service/zoo.go:50.74,52.27 2 1
main/service/zoo.go:52.27,53.36 1 1
main/service/zoo.go:53.36,55.4 1 1
main/service/zoo.go:57.2,57.12 1 1
main/service/zoo.go:60.64,64.2 3 1
main/service/zoo.go:66.37,68.30 2 1
main/service/zoo.go:68.30,70.3 1 1
main/service/zoo.go:71.2,71.14 1 1
main/service/zoo.go:74.47,76.2 1 1
main/things/Computer.go:12.75,19.2 1 1
main/things/Computer.go:21.32,23.2 1 1
main/things/Computer.go:25.37,28.2 1 1
main/things/Table.go:11.58,17.2 1 1
main/things/Table.go:19.29,21.2 1 1
main/things/Table.go:23.34,26.2 1 1
main/things/Thing.go:11.63,17.2 1 1
main/things/Thing.go:19.29,21.2 1 1
main/things/Thing.go:23.34,26.2 1 1
main/tools/JSONFiless.go:15.43,25.34 4 1
main/tools/JSONFiless.go:25.34,27.17 2 1
main/tools/JSONFiless.go:27.17,29.12 2 1
main/tools/JSONFiless.go:31.3,32.57 2 1
main/tools/JSONFiless.go:32.57,35.4 2 0
main/tools/JSONFiless.go:36.3,36.18 1 1
main/tools/JSONFiless.go:39.2,40.12 2 1
main/tools/console.go:19.54,25.2 1 1
main/tools/console.go:27.25,28.20 1 0
main/tools/console.go:28.20,30.3 1 0
main/tools/console.go:32.2,32.6 1 0
main/tools/console.go:32.6,36.31 3 0
main/tools/console.go:36.31,39.4 2 0
main/tools/console.go:41.3,41.43 1 0
main/tools/console.go:41.43,43.4 1 0
main/tools/console.go:43.9,45.4 1 0
main/tools/console.go:49.30,51.31 2 0
main/tools/console.go:51.31,53.3 1 0
main/tools/console.go:54.2,54.53 1 0
main/tools/console.go:57.39,62.16 5 0
main/tools/console.go:62.16,64.3 1 0
main/tools/console.go:65.2,65.15 1 0
main/tools/console.go:68.34,70.17 2 0
main/tools/console.go:70.17,73.3 2 0
main/tools/console.go:74.2,74.13 1 0
main/tools/console.go:77.37,78.13 1 0
main/tools/console.go:79.13,80.16 1 0
main/tools/console.go:81.18,82.15 1 0
main/tools/console.go:83.19,85.19 2 0
main/tools/console.go:86.20,88.19 2 0
main/tools/console.go:89.16,91.19 2 0
main/tools/console.go:92.24,93.21 1 0
main/tools/console.go:94.14,95.13 1 0
main/tools/console.go:96.10,98.19 2 0
main/tools/console.go:102.36,111.21 7 0
main/tools/console.go:111.21,114.3 2 0
main/tools/console.go:114.8,116.3 1 0
main/tools/console.go:117.2,117.18 1 0
main/tools/flows.go:8.31,17.22 7 0
main/tools/flows.go:17.22,19.3 1 0
main/tools/flows.go:20.2,20.50 1 0
main/tools/flows.go:20.50,24.3 3 0
main/tools/flows.go:27.2,29.20 2 0
main/tools/flows.go:30.26,32.23 2 0
main/tools/flows.go:32.23,34.4 1 0
main/tools/flows.go:35.3,36.23 2 0
main/tools/flows.go:36.23,38.4 1 0
main/tools/flows.go:39.3,40.23 2 0
main/tools/flows.go:40.23,42.4 1 0
main/tools/flows.go:43.3,45.73 3 0
main/tools/flows.go:47.18,49.23 2 0
main/tools/flows.go:49.23,51.4 1 0
main/tools/flows.go:52.3,53.23 2 0
main/tools/flows.go:53.23,55.4 1 0
main/tools/flows.go:56.3,58.63 3 0
main/tools/flows.go:60.18,62.23 2 0
main/tools/flows.go:62.23,64.4 1 0
main/tools/flows.go:65.3,66.23 2 0
main/tools/flows.go:66.23,68.4 1 0
main/tools/flows.go:69.3,71.63 3 0
main/tools/flows.go:73.22,75.23 2 0
main/tools/flows.go:75.23,77.4 1 0
main/tools/flows.go:78.3,79.23 2 0
main/tools/flows.go:79.23,81.4 1 0
main/tools/flows.go:82.3,83.23 2 0
main/tools/flows.go:83.23,85.4 1 0
main/tools/flows.go:86.3,88.67 3 0
main/tools/flows.go:90.10,91.95 1 0
main/tools/flows.go:94.2,94.18 1 0
main/tools/flows.go:98.40,101.77 3 0
main/tools/flows.go:101.77,103.3 1 0
main/tools/flows.go:104.2,104.85 1 0
main/tools/flows.go:104.85,106.3 1 0
main/tools/flows.go:107.2,107.15 1 0
main/tools/input.go:10.45,14.16 4 0
main/tools/input.go:14.16,16.3 1 0
main/tools/input.go:17.2,17.18 1 0
main/tools/input.go:20.47,25.30 5 0
main/tools/input.go:25.30,27.3 1 0
main/tools/input.go:28.2,28.19 1 0
main/tools/input.go:31.48,36.43 5 0
main/tools/input.go:36.43,38.3 1 0
main/tools/input.go:39.2,39.19 1 0
main/tools/input.go:42.61,47.38 5 0
main/tools/input.go:47.38,49.3 1 0
main/tools/input.go:50.2,50.34 1 0
main/tools/input.go:53.45,54.16 1 0
main/tools/input.go:54.16,58.3 3 0
main/tools/input.go:59.2,59.14 1 0
main/tools/inventory.go:10.30,18.19 6 0
main/tools/inventory.go:19.18,27.17 7 0
main/tools/inventory.go:27.17,30.4 2 0
main/tools/inventory.go:32.3,38.73 6 0
main/tools/inventory.go:40.15,51.63 9 0
main/tools/inventory.go:53.15,61.17 7 0
main/tools/inventory.go:61.17,64.4 2 0
main/tools/inventory.go:66.3,68.65 3 0
main/tools/inventory.go:70.10,71.102 1 0
main/tools/inventory.go:73.2,73.18 1 0
main/tools/render.go:8.36,11.47 3 1
main/tools/render.go:11.47,13.3 1 1
main/tools/render.go:16.40,19.37 3 1
main/tools/render.go:19.37,21.3 1 1
main/tools/render.go:24.39,26.48 2 1
main/tools/render.go:26.48,28.3 1 1
main/tools/render.go:32.27,37.2 1 1
